# vsim -vopt work.top -voptargs="+acc=npr" -assertdebug -l ram.log -coverage -c -do "coverage save -onexit -assert -directive -cvg -codeAll ram.ucdb; run -all; exit" 
# Start time: 23:58:28 on Jul 06,2026
# ** Note: (vsim-3813) Design is being optimized due to module recompilation...
# //  Questa Sim
# //  Version 10.6c linux Jul 25 2017
# //
# //  Copyright 1991-2017 Mentor Graphics Corporation
# //  All Rights Reserved.
# //
# //  QuestaSim and its associated documentation contain trade
# //  secrets and commercial or financial information that are the property of
# //  Mentor Graphics Corporation and are privileged, confidential,
# //  and exempt from disclosure under the Freedom of Information Act,
# //  5 U.S.C. Section 552. Furthermore, this information
# //  is prohibited from disclosure under the Trade Secrets Act,
# //  18 U.S.C. Section 1905.
# //
# Loading sv_std.std
# Loading work.ram_if(fast)
# Loading work.ram_package(fast)
# Loading work.ram_top_sv_unit(fast)
# Loading work.top(fast)
# Loading work.ram_if(fast)
# Loading work.RAM(fast)
# ** Warning: (vsim-8441) ram_driver.sv(37): Clocking block output vif.drv_cb.address is not legal in this
# or another expression.
#    Time: 0 ps  Iteration: 0  Region: /ram_package File: ram_package.sv
# ** Warning: (vsim-8441) ram_driver.sv(36): Clocking block output vif.drv_cb.data_in is not legal in this
# or another expression.
#    Time: 0 ps  Iteration: 0  Region: /ram_package File: ram_package.sv
# ** Warning: (vsim-8441) ram_driver.sv(35): Clocking block output vif.drv_cb.read_enb is not legal in this
# or another expression.
#    Time: 0 ps  Iteration: 0  Region: /ram_package File: ram_package.sv
# ** Warning: (vsim-8441) ram_driver.sv(34): Clocking block output vif.drv_cb.write_enb is not legal in this
# or another expression.
#    Time: 0 ps  Iteration: 0  Region: /ram_package File: ram_package.sv
# coverage save -onexit -assert -directive -cvg -codeAll ram.ucdb
#  run -all
# Generator Randomized transaction data_in=fa,write_enb=0,read_enb=1,address=9,T=0
# Generator Randomized transaction data_in=cd,write_enb=1,read_enb=0,address=10,T=0
# Generator Randomized transaction data_in=af,write_enb=0,read_enb=0,address=1c,T=0
# Generator Randomized transaction data_in=f1,write_enb=0,read_enb=1,address=2,T=0
# Generator Randomized transaction data_in=19,write_enb=1,read_enb=0,address=10,T=0
# Generator Randomized transaction data_in=41,write_enb=1,read_enb=0,address=1a,T=0
# Generator Randomized transaction data_in=3b,write_enb=1,read_enb=1,address=b,T=0
# Generator Randomized transaction data_in=38,write_enb=1,read_enb=0,address=d,T=0
# Generator Randomized transaction data_in=fb,write_enb=0,read_enb=0,address=1c,T=0
# Generator Randomized transaction data_in=44,write_enb=0,read_enb=0,address=12,T=0
# Generator Randomized transaction data_in=3a,write_enb=1,read_enb=0,address=3,T=0
# Generator Randomized transaction data_in=35,write_enb=0,read_enb=0,address=6,T=0
# Generator Randomized transaction data_in=11,write_enb=1,read_enb=1,address=15,T=0
# Generator Randomized transaction data_in=e7,write_enb=0,read_enb=0,address=3,T=0
# Generator Randomized transaction data_in=81,write_enb=1,read_enb=0,address=5,T=0
# Generator Randomized transaction data_in=f2,write_enb=1,read_enb=0,address=15,T=0
# Generator Randomized transaction data_in=bb,write_enb=0,read_enb=1,address=2,T=0
# Generator Randomized transaction data_in=d8,write_enb=0,read_enb=0,address=f,T=0
# Generator Randomized transaction data_in=33,write_enb=0,read_enb=0,address=10,T=0
# Generator Randomized transaction data_in=7,write_enb=0,read_enb=0,address=d,T=0
# Generator Randomized transaction data_in=9e,write_enb=1,read_enb=1,address=0,T=0
# Generator Randomized transaction data_in=f1,write_enb=1,read_enb=0,address=1a,T=0
# Generator Randomized transaction data_in=dc,write_enb=1,read_enb=0,address=5,T=0
# Generator Randomized transaction data_in=34,write_enb=0,read_enb=0,address=a,T=0
# Generator Randomized transaction data_in=fa,write_enb=1,read_enb=1,address=1e,T=0
# Generator Randomized transaction data_in=26,write_enb=0,read_enb=1,address=2,T=0
# Generator Randomized transaction data_in=1a,write_enb=1,read_enb=0,address=f,T=0
# Generator Randomized transaction data_in=92,write_enb=1,read_enb=0,address=7,T=0
# Generator Randomized transaction data_in=7e,write_enb=1,read_enb=0,address=9,T=0
# Generator Randomized transaction data_in=6c,write_enb=0,read_enb=1,address=7,T=0
# Generator Randomized transaction data_in=44,write_enb=1,read_enb=0,address=1f,T=0
# Generator Randomized transaction data_in=2f,write_enb=0,read_enb=1,address=4,T=0
# Generator Randomized transaction data_in=f7,write_enb=1,read_enb=1,address=2,T=0
# Generator Randomized transaction data_in=73,write_enb=0,read_enb=1,address=f,T=0
# Generator Randomized transaction data_in=2f,write_enb=1,read_enb=1,address=18,T=0
# Generator Randomized transaction data_in=44,write_enb=0,read_enb=1,address=18,T=0
# Generator Randomized transaction data_in=76,write_enb=1,read_enb=0,address=e,T=0
# Generator Randomized transaction data_in=8,write_enb=1,read_enb=1,address=13,T=0
# Generator Randomized transaction data_in=77,write_enb=1,read_enb=0,address=1f,T=0
# Generator Randomized transaction data_in=b0,write_enb=0,read_enb=1,address=8,T=0
# Generator Randomized transaction data_in=37,write_enb=0,read_enb=1,address=11,T=0
# Generator Randomized transaction data_in=3e,write_enb=1,read_enb=1,address=0,T=0
# Generator Randomized transaction data_in=72,write_enb=0,read_enb=0,address=e,T=0
# Generator Randomized transaction data_in=dd,write_enb=1,read_enb=1,address=8,T=0
# Generator Randomized transaction data_in=0,write_enb=0,read_enb=1,address=16,T=0
# Generator Randomized transaction data_in=5a,write_enb=0,read_enb=0,address=3,T=0
# Generator Randomized transaction data_in=96,write_enb=1,read_enb=0,address=1,T=0
# Generator Randomized transaction data_in=83,write_enb=0,read_enb=1,address=10,T=0
# Generator Randomized transaction data_in=df,write_enb=0,read_enb=1,address=15,T=0
# Generator Randomized transaction data_in=39,write_enb=0,read_enb=1,address=1d,T=0
# Generator Randomized transaction data_in=b4,write_enb=0,read_enb=1,address=13,T=0
# Generator Randomized transaction data_in=16,write_enb=1,read_enb=0,address=1b,T=0
# Generator Randomized transaction data_in=be,write_enb=0,read_enb=1,address=e,T=0
# Generator Randomized transaction data_in=de,write_enb=0,read_enb=1,address=1b,T=0
# Generator Randomized transaction data_in=8c,write_enb=1,read_enb=1,address=b,T=0
# Generator Randomized transaction data_in=b6,write_enb=0,read_enb=1,address=7,T=0
# Generator Randomized transaction data_in=3b,write_enb=0,read_enb=1,address=6,T=0
# Generator Randomized transaction data_in=c7,write_enb=1,read_enb=0,address=7,T=0
# Generator Randomized transaction data_in=9,write_enb=1,read_enb=1,address=19,T=0
# Generator Randomized transaction data_in=72,write_enb=0,read_enb=0,address=8,T=0
# Generator Randomized transaction data_in=4a,write_enb=0,read_enb=0,address=7,T=0
# Generator Randomized transaction data_in=e9,write_enb=1,read_enb=1,address=b,T=0
# Generator Randomized transaction data_in=45,write_enb=0,read_enb=1,address=1c,T=0
# Generator Randomized transaction data_in=11,write_enb=1,read_enb=0,address=17,T=0
# Generator Randomized transaction data_in=b7,write_enb=0,read_enb=0,address=8,T=0
# Generator Randomized transaction data_in=f3,write_enb=1,read_enb=1,address=16,T=0
# Generator Randomized transaction data_in=6a,write_enb=1,read_enb=1,address=a,T=0
# Generator Randomized transaction data_in=4e,write_enb=1,read_enb=0,address=7,T=0
# Generator Randomized transaction data_in=e7,write_enb=1,read_enb=1,address=1c,T=0
# Generator Randomized transaction data_in=fb,write_enb=0,read_enb=0,address=1e,T=0
# Generator Randomized transaction data_in=8b,write_enb=0,read_enb=1,address=7,T=0
# Generator Randomized transaction data_in=25,write_enb=1,read_enb=0,address=b,T=0
# Generator Randomized transaction data_in=c2,write_enb=0,read_enb=1,address=d,T=0
# Generator Randomized transaction data_in=e1,write_enb=0,read_enb=1,address=1d,T=0
# Generator Randomized transaction data_in=e4,write_enb=0,read_enb=1,address=18,T=0
# Generator Randomized transaction data_in=90,write_enb=0,read_enb=0,address=1,T=0
# Generator Randomized transaction data_in=19,write_enb=1,read_enb=1,address=5,T=0
# Generator Randomized transaction data_in=a,write_enb=1,read_enb=1,address=16,T=0
# Generator Randomized transaction data_in=8,write_enb=0,read_enb=1,address=11,T=0
# Generator Randomized transaction data_in=57,write_enb=1,read_enb=1,address=0,T=0
# Generator Randomized transaction data_in=85,write_enb=0,read_enb=1,address=5,T=0
# Generator Randomized transaction data_in=22,write_enb=1,read_enb=1,address=15,T=0
# Generator Randomized transaction data_in=dc,write_enb=0,read_enb=0,address=1a,T=0
# Generator Randomized transaction data_in=9a,write_enb=0,read_enb=1,address=14,T=0
# Generator Randomized transaction data_in=9d,write_enb=0,read_enb=1,address=16,T=0
# Generator Randomized transaction data_in=2c,write_enb=1,read_enb=0,address=1a,T=0
# Generator Randomized transaction data_in=20,write_enb=1,read_enb=0,address=b,T=0
# Generator Randomized transaction data_in=fb,write_enb=1,read_enb=0,address=9,T=0
# Generator Randomized transaction data_in=2,write_enb=1,read_enb=1,address=10,T=0
# Generator Randomized transaction data_in=da,write_enb=0,read_enb=1,address=6,T=0
# Generator Randomized transaction data_in=2f,write_enb=1,read_enb=0,address=4,T=0
# Generator Randomized transaction data_in=cb,write_enb=1,read_enb=1,address=15,T=0
# Generator Randomized transaction data_in=da,write_enb=0,read_enb=1,address=e,T=0
# Generator Randomized transaction data_in=18,write_enb=0,read_enb=1,address=11,T=0
# Generator Randomized transaction data_in=23,write_enb=1,read_enb=1,address=c,T=0
# Generator Randomized transaction data_in=8,write_enb=0,read_enb=1,address=0,T=0
# Generator Randomized transaction data_in=1b,write_enb=1,read_enb=1,address=3,T=0
# Generator Randomized transaction data_in=7d,write_enb=0,read_enb=0,address=2,T=0
# Generator Randomized transaction data_in=9d,write_enb=0,read_enb=0,address=2,T=0
# Generator Randomized transaction data_in=1,write_enb=0,read_enb=1,address=1d,T=0
# Driver driving to the interface data_in=z,write_enb=0,read_enb=0,address=0,T=900
# MONITOR : addr=0 data_out=zz time=900
# Output Functional Coverage = 0
# Reference Model Data in memory MEM[9]=x,T=900
# Reference Model Data out from memory data_out=x,T=900
# SCOREBOARD MON data_out=z, ADDRESS=0                 900
# SCOREBOARD REF data_out=x, ADDRESS=9                 900
# SCOREBOARD REF data_out=x, MON data_out=z                 900
# DATA MATCH FAILURE. MISMATCH count = 1
# Driver write operation driving data_in=cd,write_enb=1,read_enb=0,address=10,T=1300
# Input Functional Coverage=67
# MONITOR : addr=16 data_out=zz time=1300
# Output Functional Coverage = 0
# SCOREBOARD MON data_out=z, ADDRESS=10                1300
# Reference Model Data in memory MEM[10]=cd,T=1500
# Reference Model Data out from memory data_out=x,T=1500
# SCOREBOARD REF data_out=x, ADDRESS=10                1500
# SCOREBOARD REF data_out=x, MON data_out=z                1500
# DATA MATCH FAILURE. MISMATCH count = 2
# Driver write operation driving data_in=af,write_enb=0,read_enb=0,address=1c,T=1700
# Input Functional Coverage=83
# MONITOR : addr=28 data_out=zz time=1700
# Output Functional Coverage = 0
# SCOREBOARD MON data_out=z, ADDRESS=1c                1700
# Reference Model Data in memory MEM[1c]=x,T=1900
# Reference Model Data out from memory data_out=x,T=1900
# SCOREBOARD REF data_out=x, ADDRESS=1c                1900
# SCOREBOARD REF data_out=x, MON data_out=z                1900
# DATA MATCH FAILURE. MISMATCH count = 3
# Driver write operation driving data_in=f1,write_enb=0,read_enb=1,address=2,T=2100
# Input Functional Coverage=100
# MONITOR : addr=2 data_out=xx time=2100
# Output Functional Coverage = 0
# SCOREBOARD MON data_out=x, ADDRESS=2                2100
# Reference Model Data in memory MEM[2]=x,T=2300
# Reference Model Data out from memory data_out=x,T=2300
# SCOREBOARD REF data_out=x, ADDRESS=2                2300
# SCOREBOARD REF data_out=x, MON data_out=x                2300
# DATA MATCH SUCCESSFUL. MATCH count = 1
# Driver write operation driving data_in=19,write_enb=1,read_enb=0,address=10,T=2500
# Input Functional Coverage=100
# MONITOR : addr=16 data_out=zz time=2500
# Output Functional Coverage = 0
# SCOREBOARD MON data_out=z, ADDRESS=10                2500
# Reference Model Data in memory MEM[10]=19,T=2700
# Reference Model Data out from memory data_out=x,T=2700
# SCOREBOARD REF data_out=x, ADDRESS=10                2700
# SCOREBOARD REF data_out=x, MON data_out=z                2700
# DATA MATCH FAILURE. MISMATCH count = 4
# Driver write operation driving data_in=41,write_enb=1,read_enb=0,address=1a,T=2900
# Input Functional Coverage=100
# MONITOR : addr=26 data_out=zz time=2900
# Output Functional Coverage = 0
# SCOREBOARD MON data_out=z, ADDRESS=1a                2900
# Reference Model Data in memory MEM[1a]=41,T=3100
# Reference Model Data out from memory data_out=x,T=3100
# SCOREBOARD REF data_out=x, ADDRESS=1a                3100
# SCOREBOARD REF data_out=x, MON data_out=z                3100
# DATA MATCH FAILURE. MISMATCH count = 5
# Driver write operation driving data_in=3b,write_enb=1,read_enb=1,address=b,T=3300
# Input Functional Coverage=100
# MONITOR : addr=11 data_out=zz time=3300
# Output Functional Coverage = 0
# SCOREBOARD MON data_out=z, ADDRESS=b                3300
# Reference Model Data in memory MEM[b]=3b,T=3500
# Reference Model Data out from memory data_out=3b,T=3500
# SCOREBOARD REF data_out=3b, ADDRESS=b                3500
# SCOREBOARD REF data_out=3b, MON data_out=z                3500
# DATA MATCH FAILURE. MISMATCH count = 6
# Driver write operation driving data_in=38,write_enb=1,read_enb=0,address=d,T=3700
# Input Functional Coverage=100
# MONITOR : addr=13 data_out=zz time=3700
# Output Functional Coverage = 0
# SCOREBOARD MON data_out=z, ADDRESS=d                3700
# Reference Model Data in memory MEM[d]=38,T=3900
# Reference Model Data out from memory data_out=x,T=3900
# SCOREBOARD REF data_out=x, ADDRESS=d                3900
# SCOREBOARD REF data_out=x, MON data_out=z                3900
# DATA MATCH FAILURE. MISMATCH count = 7
# Driver write operation driving data_in=fb,write_enb=0,read_enb=0,address=1c,T=4100
# Input Functional Coverage=100
# MONITOR : addr=28 data_out=zz time=4100
# Output Functional Coverage = 0
# SCOREBOARD MON data_out=z, ADDRESS=1c                4100
# Reference Model Data in memory MEM[1c]=x,T=4300
# Reference Model Data out from memory data_out=x,T=4300
# SCOREBOARD REF data_out=x, ADDRESS=1c                4300
# SCOREBOARD REF data_out=x, MON data_out=z                4300
# DATA MATCH FAILURE. MISMATCH count = 8
# Driver write operation driving data_in=44,write_enb=0,read_enb=0,address=12,T=4500
# Input Functional Coverage=100
# MONITOR : addr=18 data_out=zz time=4500
# Output Functional Coverage = 0
# SCOREBOARD MON data_out=z, ADDRESS=12                4500
# Reference Model Data in memory MEM[12]=x,T=4700
# Reference Model Data out from memory data_out=x,T=4700
# SCOREBOARD REF data_out=x, ADDRESS=12                4700
# SCOREBOARD REF data_out=x, MON data_out=z                4700
# DATA MATCH FAILURE. MISMATCH count = 9
# Driver write operation driving data_in=3a,write_enb=1,read_enb=0,address=3,T=4900
# Input Functional Coverage=100
# MONITOR : addr=3 data_out=zz time=4900
# Output Functional Coverage = 0
# SCOREBOARD MON data_out=z, ADDRESS=3                4900
# Reference Model Data in memory MEM[3]=3a,T=5100
# Reference Model Data out from memory data_out=x,T=5100
# SCOREBOARD REF data_out=x, ADDRESS=3                5100
# SCOREBOARD REF data_out=x, MON data_out=z                5100
# DATA MATCH FAILURE. MISMATCH count = 10
# Driver write operation driving data_in=35,write_enb=0,read_enb=0,address=6,T=5300
# Input Functional Coverage=100
# MONITOR : addr=6 data_out=zz time=5300
# Output Functional Coverage = 0
# SCOREBOARD MON data_out=z, ADDRESS=6                5300
# Reference Model Data in memory MEM[6]=x,T=5500
# Reference Model Data out from memory data_out=x,T=5500
# SCOREBOARD REF data_out=x, ADDRESS=6                5500
# SCOREBOARD REF data_out=x, MON data_out=z                5500
# DATA MATCH FAILURE. MISMATCH count = 11
# Driver write operation driving data_in=11,write_enb=1,read_enb=1,address=15,T=5700
# Input Functional Coverage=100
# MONITOR : addr=21 data_out=zz time=5700
# Output Functional Coverage = 0
# SCOREBOARD MON data_out=z, ADDRESS=15                5700
# Reference Model Data in memory MEM[15]=11,T=5900
# Reference Model Data out from memory data_out=11,T=5900
# SCOREBOARD REF data_out=11, ADDRESS=15                5900
# SCOREBOARD REF data_out=11, MON data_out=z                5900
# DATA MATCH FAILURE. MISMATCH count = 12
# Driver write operation driving data_in=e7,write_enb=0,read_enb=0,address=3,T=6100
# Input Functional Coverage=100
# MONITOR : addr=3 data_out=zz time=6100
# Output Functional Coverage = 0
# SCOREBOARD MON data_out=z, ADDRESS=3                6100
# Reference Model Data in memory MEM[3]=3a,T=6300
# Reference Model Data out from memory data_out=x,T=6300
# SCOREBOARD REF data_out=x, ADDRESS=3                6300
# SCOREBOARD REF data_out=x, MON data_out=z                6300
# DATA MATCH FAILURE. MISMATCH count = 13
# Driver write operation driving data_in=81,write_enb=1,read_enb=0,address=5,T=6500
# Input Functional Coverage=100
# MONITOR : addr=5 data_out=zz time=6500
# Output Functional Coverage = 0
# SCOREBOARD MON data_out=z, ADDRESS=5                6500
# Reference Model Data in memory MEM[5]=81,T=6700
# Reference Model Data out from memory data_out=x,T=6700
# SCOREBOARD REF data_out=x, ADDRESS=5                6700
# SCOREBOARD REF data_out=x, MON data_out=z                6700
# DATA MATCH FAILURE. MISMATCH count = 14
# Driver write operation driving data_in=f2,write_enb=1,read_enb=0,address=15,T=6900
# Input Functional Coverage=100
# MONITOR : addr=21 data_out=zz time=6900
# Output Functional Coverage = 0
# SCOREBOARD MON data_out=z, ADDRESS=15                6900
# Reference Model Data in memory MEM[15]=f2,T=7100
# Reference Model Data out from memory data_out=x,T=7100
# SCOREBOARD REF data_out=x, ADDRESS=15                7100
# SCOREBOARD REF data_out=x, MON data_out=z                7100
# DATA MATCH FAILURE. MISMATCH count = 15
# Driver write operation driving data_in=bb,write_enb=0,read_enb=1,address=2,T=7300
# Input Functional Coverage=100
# MONITOR : addr=2 data_out=xx time=7300
# Output Functional Coverage = 0
# SCOREBOARD MON data_out=x, ADDRESS=2                7300
# Reference Model Data in memory MEM[2]=x,T=7500
# Reference Model Data out from memory data_out=x,T=7500
# SCOREBOARD REF data_out=x, ADDRESS=2                7500
# SCOREBOARD REF data_out=x, MON data_out=x                7500
# DATA MATCH SUCCESSFUL. MATCH count = 2
# Driver write operation driving data_in=d8,write_enb=0,read_enb=0,address=f,T=7700
# Input Functional Coverage=100
# MONITOR : addr=15 data_out=zz time=7700
# Output Functional Coverage = 0
# SCOREBOARD MON data_out=z, ADDRESS=f                7700
# Reference Model Data in memory MEM[f]=x,T=7900
# Reference Model Data out from memory data_out=x,T=7900
# SCOREBOARD REF data_out=x, ADDRESS=f                7900
# SCOREBOARD REF data_out=x, MON data_out=z                7900
# DATA MATCH FAILURE. MISMATCH count = 16
# Driver write operation driving data_in=33,write_enb=0,read_enb=0,address=10,T=8100
# Input Functional Coverage=100
# MONITOR : addr=16 data_out=zz time=8100
# Output Functional Coverage = 0
# SCOREBOARD MON data_out=z, ADDRESS=10                8100
# Reference Model Data in memory MEM[10]=19,T=8300
# Reference Model Data out from memory data_out=x,T=8300
# SCOREBOARD REF data_out=x, ADDRESS=10                8300
# SCOREBOARD REF data_out=x, MON data_out=z                8300
# DATA MATCH FAILURE. MISMATCH count = 17
# Driver write operation driving data_in=7,write_enb=0,read_enb=0,address=d,T=8500
# Input Functional Coverage=100
# MONITOR : addr=13 data_out=zz time=8500
# Output Functional Coverage = 0
# SCOREBOARD MON data_out=z, ADDRESS=d                8500
# Reference Model Data in memory MEM[d]=38,T=8700
# Reference Model Data out from memory data_out=x,T=8700
# SCOREBOARD REF data_out=x, ADDRESS=d                8700
# SCOREBOARD REF data_out=x, MON data_out=z                8700
# DATA MATCH FAILURE. MISMATCH count = 18
# Driver write operation driving data_in=9e,write_enb=1,read_enb=1,address=0,T=8900
# Input Functional Coverage=100
# MONITOR : addr=0 data_out=zz time=8900
# Output Functional Coverage = 0
# SCOREBOARD MON data_out=z, ADDRESS=0                8900
# Reference Model Data in memory MEM[0]=9e,T=9100
# Reference Model Data out from memory data_out=9e,T=9100
# SCOREBOARD REF data_out=9e, ADDRESS=0                9100
# SCOREBOARD REF data_out=9e, MON data_out=z                9100
# DATA MATCH FAILURE. MISMATCH count = 19
# Driver write operation driving data_in=f1,write_enb=1,read_enb=0,address=1a,T=9300
# Input Functional Coverage=100
# MONITOR : addr=26 data_out=zz time=9300
# Output Functional Coverage = 0
# SCOREBOARD MON data_out=z, ADDRESS=1a                9300
# Reference Model Data in memory MEM[1a]=f1,T=9500
# Reference Model Data out from memory data_out=x,T=9500
# SCOREBOARD REF data_out=x, ADDRESS=1a                9500
# SCOREBOARD REF data_out=x, MON data_out=z                9500
# DATA MATCH FAILURE. MISMATCH count = 20
# Driver write operation driving data_in=dc,write_enb=1,read_enb=0,address=5,T=9700
# Input Functional Coverage=100
# MONITOR : addr=5 data_out=zz time=9700
# Output Functional Coverage = 0
# SCOREBOARD MON data_out=z, ADDRESS=5                9700
# Reference Model Data in memory MEM[5]=dc,T=9900
# Reference Model Data out from memory data_out=x,T=9900
# SCOREBOARD REF data_out=x, ADDRESS=5                9900
# SCOREBOARD REF data_out=x, MON data_out=z                9900
# DATA MATCH FAILURE. MISMATCH count = 21
# Driver write operation driving data_in=34,write_enb=0,read_enb=0,address=a,T=10100
# Input Functional Coverage=100
# MONITOR : addr=10 data_out=zz time=10100
# Output Functional Coverage = 0
# SCOREBOARD MON data_out=z, ADDRESS=a               10100
# Reference Model Data in memory MEM[a]=x,T=10300
# Reference Model Data out from memory data_out=x,T=10300
# SCOREBOARD REF data_out=x, ADDRESS=a               10300
# SCOREBOARD REF data_out=x, MON data_out=z               10300
# DATA MATCH FAILURE. MISMATCH count = 22
# Driver write operation driving data_in=fa,write_enb=1,read_enb=1,address=1e,T=10500
# Input Functional Coverage=100
# MONITOR : addr=30 data_out=zz time=10500
# Output Functional Coverage = 0
# SCOREBOARD MON data_out=z, ADDRESS=1e               10500
# Reference Model Data in memory MEM[1e]=fa,T=10700
# Reference Model Data out from memory data_out=fa,T=10700
# SCOREBOARD REF data_out=fa, ADDRESS=1e               10700
# SCOREBOARD REF data_out=fa, MON data_out=z               10700
# DATA MATCH FAILURE. MISMATCH count = 23
# Driver write operation driving data_in=26,write_enb=0,read_enb=1,address=2,T=10900
# Input Functional Coverage=100
# MONITOR : addr=2 data_out=xx time=10900
# Output Functional Coverage = 0
# SCOREBOARD MON data_out=x, ADDRESS=2               10900
# Reference Model Data in memory MEM[2]=x,T=11100
# Reference Model Data out from memory data_out=x,T=11100
# SCOREBOARD REF data_out=x, ADDRESS=2               11100
# SCOREBOARD REF data_out=x, MON data_out=x               11100
# DATA MATCH SUCCESSFUL. MATCH count = 3
# Driver write operation driving data_in=1a,write_enb=1,read_enb=0,address=f,T=11300
# Input Functional Coverage=100
# MONITOR : addr=15 data_out=zz time=11300
# Output Functional Coverage = 0
# SCOREBOARD MON data_out=z, ADDRESS=f               11300
# Reference Model Data in memory MEM[f]=1a,T=11500
# Reference Model Data out from memory data_out=x,T=11500
# SCOREBOARD REF data_out=x, ADDRESS=f               11500
# SCOREBOARD REF data_out=x, MON data_out=z               11500
# DATA MATCH FAILURE. MISMATCH count = 24
# Driver write operation driving data_in=92,write_enb=1,read_enb=0,address=7,T=11700
# Input Functional Coverage=100
# MONITOR : addr=7 data_out=zz time=11700
# Output Functional Coverage = 0
# SCOREBOARD MON data_out=z, ADDRESS=7               11700
# Reference Model Data in memory MEM[7]=92,T=11900
# Reference Model Data out from memory data_out=x,T=11900
# SCOREBOARD REF data_out=x, ADDRESS=7               11900
# SCOREBOARD REF data_out=x, MON data_out=z               11900
# DATA MATCH FAILURE. MISMATCH count = 25
# Driver write operation driving data_in=7e,write_enb=1,read_enb=0,address=9,T=12100
# Input Functional Coverage=100
# MONITOR : addr=9 data_out=zz time=12100
# Output Functional Coverage = 0
# SCOREBOARD MON data_out=z, ADDRESS=9               12100
# Reference Model Data in memory MEM[9]=7e,T=12300
# Reference Model Data out from memory data_out=x,T=12300
# SCOREBOARD REF data_out=x, ADDRESS=9               12300
# SCOREBOARD REF data_out=x, MON data_out=z               12300
# DATA MATCH FAILURE. MISMATCH count = 26
# Driver write operation driving data_in=6c,write_enb=0,read_enb=1,address=7,T=12500
# Input Functional Coverage=100
# MONITOR : addr=7 data_out=92 time=12500
# Output Functional Coverage = 100
# SCOREBOARD MON data_out=92, ADDRESS=7               12500
# Reference Model Data in memory MEM[7]=92,T=12700
# Reference Model Data out from memory data_out=92,T=12700
# SCOREBOARD REF data_out=92, ADDRESS=7               12700
# SCOREBOARD REF data_out=92, MON data_out=92               12700
# DATA MATCH SUCCESSFUL. MATCH count = 4
# Driver write operation driving data_in=44,write_enb=1,read_enb=0,address=1f,T=12900
# Input Functional Coverage=100
# MONITOR : addr=31 data_out=zz time=12900
# Output Functional Coverage = 100
# SCOREBOARD MON data_out=z, ADDRESS=1f               12900
# Reference Model Data in memory MEM[1f]=44,T=13100
# Reference Model Data out from memory data_out=x,T=13100
# SCOREBOARD REF data_out=x, ADDRESS=1f               13100
# SCOREBOARD REF data_out=x, MON data_out=z               13100
# DATA MATCH FAILURE. MISMATCH count = 27
# Driver write operation driving data_in=2f,write_enb=0,read_enb=1,address=4,T=13300
# Input Functional Coverage=100
# MONITOR : addr=4 data_out=xx time=13300
# Output Functional Coverage = 100
# SCOREBOARD MON data_out=x, ADDRESS=4               13300
# Reference Model Data in memory MEM[4]=x,T=13500
# Reference Model Data out from memory data_out=x,T=13500
# SCOREBOARD REF data_out=x, ADDRESS=4               13500
# SCOREBOARD REF data_out=x, MON data_out=x               13500
# DATA MATCH SUCCESSFUL. MATCH count = 5
# Driver write operation driving data_in=f7,write_enb=1,read_enb=1,address=2,T=13700
# Input Functional Coverage=100
# MONITOR : addr=2 data_out=zz time=13700
# Output Functional Coverage = 100
# SCOREBOARD MON data_out=z, ADDRESS=2               13700
# Reference Model Data in memory MEM[2]=f7,T=13900
# Reference Model Data out from memory data_out=f7,T=13900
# SCOREBOARD REF data_out=f7, ADDRESS=2               13900
# SCOREBOARD REF data_out=f7, MON data_out=z               13900
# DATA MATCH FAILURE. MISMATCH count = 28
# Driver write operation driving data_in=73,write_enb=0,read_enb=1,address=f,T=14100
# Input Functional Coverage=100
# MONITOR : addr=15 data_out=1a time=14100
# Output Functional Coverage = 100
# SCOREBOARD MON data_out=1a, ADDRESS=f               14100
# Reference Model Data in memory MEM[f]=1a,T=14300
# Reference Model Data out from memory data_out=1a,T=14300
# SCOREBOARD REF data_out=1a, ADDRESS=f               14300
# SCOREBOARD REF data_out=1a, MON data_out=1a               14300
# DATA MATCH SUCCESSFUL. MATCH count = 6
# Driver write operation driving data_in=2f,write_enb=1,read_enb=1,address=18,T=14500
# Input Functional Coverage=100
# MONITOR : addr=24 data_out=zz time=14500
# Output Functional Coverage = 100
# SCOREBOARD MON data_out=z, ADDRESS=18               14500
# Reference Model Data in memory MEM[18]=2f,T=14700
# Reference Model Data out from memory data_out=2f,T=14700
# SCOREBOARD REF data_out=2f, ADDRESS=18               14700
# SCOREBOARD REF data_out=2f, MON data_out=z               14700
# DATA MATCH FAILURE. MISMATCH count = 29
# Driver write operation driving data_in=44,write_enb=0,read_enb=1,address=18,T=14900
# Input Functional Coverage=100
# MONITOR : addr=24 data_out=xx time=14900
# Output Functional Coverage = 100
# SCOREBOARD MON data_out=x, ADDRESS=18               14900
# Reference Model Data in memory MEM[18]=2f,T=15100
# Reference Model Data out from memory data_out=2f,T=15100
# SCOREBOARD REF data_out=2f, ADDRESS=18               15100
# SCOREBOARD REF data_out=2f, MON data_out=x               15100
# DATA MATCH FAILURE. MISMATCH count = 30
# Driver write operation driving data_in=76,write_enb=1,read_enb=0,address=e,T=15300
# Input Functional Coverage=100
# MONITOR : addr=14 data_out=zz time=15300
# Output Functional Coverage = 100
# SCOREBOARD MON data_out=z, ADDRESS=e               15300
# Reference Model Data in memory MEM[e]=76,T=15500
# Reference Model Data out from memory data_out=x,T=15500
# SCOREBOARD REF data_out=x, ADDRESS=e               15500
# SCOREBOARD REF data_out=x, MON data_out=z               15500
# DATA MATCH FAILURE. MISMATCH count = 31
# Driver write operation driving data_in=8,write_enb=1,read_enb=1,address=13,T=15700
# Input Functional Coverage=100
# MONITOR : addr=19 data_out=zz time=15700
# Output Functional Coverage = 100
# SCOREBOARD MON data_out=z, ADDRESS=13               15700
# Reference Model Data in memory MEM[13]=8,T=15900
# Reference Model Data out from memory data_out=8,T=15900
# SCOREBOARD REF data_out=8, ADDRESS=13               15900
# SCOREBOARD REF data_out=8, MON data_out=z               15900
# DATA MATCH FAILURE. MISMATCH count = 32
# Driver write operation driving data_in=77,write_enb=1,read_enb=0,address=1f,T=16100
# Input Functional Coverage=100
# MONITOR : addr=31 data_out=zz time=16100
# Output Functional Coverage = 100
# SCOREBOARD MON data_out=z, ADDRESS=1f               16100
# Reference Model Data in memory MEM[1f]=77,T=16300
# Reference Model Data out from memory data_out=x,T=16300
# SCOREBOARD REF data_out=x, ADDRESS=1f               16300
# SCOREBOARD REF data_out=x, MON data_out=z               16300
# DATA MATCH FAILURE. MISMATCH count = 33
# Driver write operation driving data_in=b0,write_enb=0,read_enb=1,address=8,T=16500
# Input Functional Coverage=100
# MONITOR : addr=8 data_out=xx time=16500
# Output Functional Coverage = 100
# SCOREBOARD MON data_out=x, ADDRESS=8               16500
# Reference Model Data in memory MEM[8]=x,T=16700
# Reference Model Data out from memory data_out=x,T=16700
# SCOREBOARD REF data_out=x, ADDRESS=8               16700
# SCOREBOARD REF data_out=x, MON data_out=x               16700
# DATA MATCH SUCCESSFUL. MATCH count = 7
# Driver write operation driving data_in=37,write_enb=0,read_enb=1,address=11,T=16900
# Input Functional Coverage=100
# MONITOR : addr=17 data_out=xx time=16900
# Output Functional Coverage = 100
# SCOREBOARD MON data_out=x, ADDRESS=11               16900
# Reference Model Data in memory MEM[11]=x,T=17100
# Reference Model Data out from memory data_out=x,T=17100
# SCOREBOARD REF data_out=x, ADDRESS=11               17100
# SCOREBOARD REF data_out=x, MON data_out=x               17100
# DATA MATCH SUCCESSFUL. MATCH count = 8
# Driver write operation driving data_in=3e,write_enb=1,read_enb=1,address=0,T=17300
# Input Functional Coverage=100
# MONITOR : addr=0 data_out=zz time=17300
# Output Functional Coverage = 100
# SCOREBOARD MON data_out=z, ADDRESS=0               17300
# Reference Model Data in memory MEM[0]=3e,T=17500
# Reference Model Data out from memory data_out=3e,T=17500
# SCOREBOARD REF data_out=3e, ADDRESS=0               17500
# SCOREBOARD REF data_out=3e, MON data_out=z               17500
# DATA MATCH FAILURE. MISMATCH count = 34
# Driver write operation driving data_in=72,write_enb=0,read_enb=0,address=e,T=17700
# Input Functional Coverage=100
# MONITOR : addr=14 data_out=zz time=17700
# Output Functional Coverage = 100
# SCOREBOARD MON data_out=z, ADDRESS=e               17700
# Reference Model Data in memory MEM[e]=76,T=17900
# Reference Model Data out from memory data_out=x,T=17900
# SCOREBOARD REF data_out=x, ADDRESS=e               17900
# SCOREBOARD REF data_out=x, MON data_out=z               17900
# DATA MATCH FAILURE. MISMATCH count = 35
# Driver write operation driving data_in=dd,write_enb=1,read_enb=1,address=8,T=18100
# Input Functional Coverage=100
# MONITOR : addr=8 data_out=zz time=18100
# Output Functional Coverage = 100
# SCOREBOARD MON data_out=z, ADDRESS=8               18100
# Reference Model Data in memory MEM[8]=dd,T=18300
# Reference Model Data out from memory data_out=dd,T=18300
# SCOREBOARD REF data_out=dd, ADDRESS=8               18300
# SCOREBOARD REF data_out=dd, MON data_out=z               18300
# DATA MATCH FAILURE. MISMATCH count = 36
# Driver write operation driving data_in=0,write_enb=0,read_enb=1,address=16,T=18500
# Input Functional Coverage=100
# MONITOR : addr=22 data_out=xx time=18500
# Output Functional Coverage = 100
# SCOREBOARD MON data_out=x, ADDRESS=16               18500
# Reference Model Data in memory MEM[16]=x,T=18700
# Reference Model Data out from memory data_out=x,T=18700
# SCOREBOARD REF data_out=x, ADDRESS=16               18700
# SCOREBOARD REF data_out=x, MON data_out=x               18700
# DATA MATCH SUCCESSFUL. MATCH count = 9
# Driver write operation driving data_in=5a,write_enb=0,read_enb=0,address=3,T=18900
# Input Functional Coverage=100
# MONITOR : addr=3 data_out=zz time=18900
# Output Functional Coverage = 100
# SCOREBOARD MON data_out=z, ADDRESS=3               18900
# Reference Model Data in memory MEM[3]=3a,T=19100
# Reference Model Data out from memory data_out=x,T=19100
# SCOREBOARD REF data_out=x, ADDRESS=3               19100
# SCOREBOARD REF data_out=x, MON data_out=z               19100
# DATA MATCH FAILURE. MISMATCH count = 37
# Driver write operation driving data_in=96,write_enb=1,read_enb=0,address=1,T=19300
# Input Functional Coverage=100
# MONITOR : addr=1 data_out=zz time=19300
# Output Functional Coverage = 100
# SCOREBOARD MON data_out=z, ADDRESS=1               19300
# Reference Model Data in memory MEM[1]=96,T=19500
# Reference Model Data out from memory data_out=x,T=19500
# SCOREBOARD REF data_out=x, ADDRESS=1               19500
# SCOREBOARD REF data_out=x, MON data_out=z               19500
# DATA MATCH FAILURE. MISMATCH count = 38
# Driver write operation driving data_in=83,write_enb=0,read_enb=1,address=10,T=19700
# Input Functional Coverage=100
# MONITOR : addr=16 data_out=19 time=19700
# Output Functional Coverage = 100
# SCOREBOARD MON data_out=19, ADDRESS=10               19700
# Reference Model Data in memory MEM[10]=19,T=19900
# Reference Model Data out from memory data_out=19,T=19900
# SCOREBOARD REF data_out=19, ADDRESS=10               19900
# SCOREBOARD REF data_out=19, MON data_out=19               19900
# DATA MATCH SUCCESSFUL. MATCH count = 10
# Driver write operation driving data_in=df,write_enb=0,read_enb=1,address=15,T=20100
# Input Functional Coverage=100
# MONITOR : addr=21 data_out=f2 time=20100
# Output Functional Coverage = 100
# SCOREBOARD MON data_out=f2, ADDRESS=15               20100
# Reference Model Data in memory MEM[15]=f2,T=20300
# Reference Model Data out from memory data_out=f2,T=20300
# SCOREBOARD REF data_out=f2, ADDRESS=15               20300
# SCOREBOARD REF data_out=f2, MON data_out=f2               20300
# DATA MATCH SUCCESSFUL. MATCH count = 11
# Driver write operation driving data_in=39,write_enb=0,read_enb=1,address=1d,T=20500
# Input Functional Coverage=100
# MONITOR : addr=29 data_out=xx time=20500
# Output Functional Coverage = 100
# SCOREBOARD MON data_out=x, ADDRESS=1d               20500
# Reference Model Data in memory MEM[1d]=x,T=20700
# Reference Model Data out from memory data_out=x,T=20700
# SCOREBOARD REF data_out=x, ADDRESS=1d               20700
# SCOREBOARD REF data_out=x, MON data_out=x               20700
# DATA MATCH SUCCESSFUL. MATCH count = 12
# Driver write operation driving data_in=b4,write_enb=0,read_enb=1,address=13,T=20900
# Input Functional Coverage=100
# MONITOR : addr=19 data_out=xx time=20900
# Output Functional Coverage = 100
# SCOREBOARD MON data_out=x, ADDRESS=13               20900
# Reference Model Data in memory MEM[13]=8,T=21100
# Reference Model Data out from memory data_out=8,T=21100
# SCOREBOARD REF data_out=8, ADDRESS=13               21100
# SCOREBOARD REF data_out=8, MON data_out=x               21100
# DATA MATCH FAILURE. MISMATCH count = 39
# Driver write operation driving data_in=16,write_enb=1,read_enb=0,address=1b,T=21300
# Input Functional Coverage=100
# MONITOR : addr=27 data_out=zz time=21300
# Output Functional Coverage = 100
# SCOREBOARD MON data_out=z, ADDRESS=1b               21300
# Reference Model Data in memory MEM[1b]=16,T=21500
# Reference Model Data out from memory data_out=x,T=21500
# SCOREBOARD REF data_out=x, ADDRESS=1b               21500
# SCOREBOARD REF data_out=x, MON data_out=z               21500
# DATA MATCH FAILURE. MISMATCH count = 40
# Driver write operation driving data_in=be,write_enb=0,read_enb=1,address=e,T=21700
# Input Functional Coverage=100
# MONITOR : addr=14 data_out=76 time=21700
# Output Functional Coverage = 100
# SCOREBOARD MON data_out=76, ADDRESS=e               21700
# Reference Model Data in memory MEM[e]=76,T=21900
# Reference Model Data out from memory data_out=76,T=21900
# SCOREBOARD REF data_out=76, ADDRESS=e               21900
# SCOREBOARD REF data_out=76, MON data_out=76               21900
# DATA MATCH SUCCESSFUL. MATCH count = 13
# Driver write operation driving data_in=de,write_enb=0,read_enb=1,address=1b,T=22100
# Input Functional Coverage=100
# MONITOR : addr=27 data_out=16 time=22100
# Output Functional Coverage = 100
# SCOREBOARD MON data_out=16, ADDRESS=1b               22100
# Reference Model Data in memory MEM[1b]=16,T=22300
# Reference Model Data out from memory data_out=16,T=22300
# SCOREBOARD REF data_out=16, ADDRESS=1b               22300
# SCOREBOARD REF data_out=16, MON data_out=16               22300
# DATA MATCH SUCCESSFUL. MATCH count = 14
# Driver write operation driving data_in=8c,write_enb=1,read_enb=1,address=b,T=22500
# Input Functional Coverage=100
# MONITOR : addr=11 data_out=zz time=22500
# Output Functional Coverage = 100
# SCOREBOARD MON data_out=z, ADDRESS=b               22500
# Reference Model Data in memory MEM[b]=8c,T=22700
# Reference Model Data out from memory data_out=8c,T=22700
# SCOREBOARD REF data_out=8c, ADDRESS=b               22700
# SCOREBOARD REF data_out=8c, MON data_out=z               22700
# DATA MATCH FAILURE. MISMATCH count = 41
# Driver write operation driving data_in=b6,write_enb=0,read_enb=1,address=7,T=22900
# Input Functional Coverage=100
# MONITOR : addr=7 data_out=92 time=22900
# Output Functional Coverage = 100
# SCOREBOARD MON data_out=92, ADDRESS=7               22900
# Reference Model Data in memory MEM[7]=92,T=23100
# Reference Model Data out from memory data_out=92,T=23100
# SCOREBOARD REF data_out=92, ADDRESS=7               23100
# SCOREBOARD REF data_out=92, MON data_out=92               23100
# DATA MATCH SUCCESSFUL. MATCH count = 15
# Driver write operation driving data_in=3b,write_enb=0,read_enb=1,address=6,T=23300
# Input Functional Coverage=100
# MONITOR : addr=6 data_out=xx time=23300
# Output Functional Coverage = 100
# SCOREBOARD MON data_out=x, ADDRESS=6               23300
# Reference Model Data in memory MEM[6]=x,T=23500
# Reference Model Data out from memory data_out=x,T=23500
# SCOREBOARD REF data_out=x, ADDRESS=6               23500
# SCOREBOARD REF data_out=x, MON data_out=x               23500
# DATA MATCH SUCCESSFUL. MATCH count = 16
# Driver write operation driving data_in=c7,write_enb=1,read_enb=0,address=7,T=23700
# Input Functional Coverage=100
# MONITOR : addr=7 data_out=zz time=23700
# Output Functional Coverage = 100
# SCOREBOARD MON data_out=z, ADDRESS=7               23700
# Reference Model Data in memory MEM[7]=c7,T=23900
# Reference Model Data out from memory data_out=x,T=23900
# SCOREBOARD REF data_out=x, ADDRESS=7               23900
# SCOREBOARD REF data_out=x, MON data_out=z               23900
# DATA MATCH FAILURE. MISMATCH count = 42
# Driver write operation driving data_in=9,write_enb=1,read_enb=1,address=19,T=24100
# Input Functional Coverage=100
# MONITOR : addr=25 data_out=zz time=24100
# Output Functional Coverage = 100
# SCOREBOARD MON data_out=z, ADDRESS=19               24100
# Reference Model Data in memory MEM[19]=9,T=24300
# Reference Model Data out from memory data_out=9,T=24300
# SCOREBOARD REF data_out=9, ADDRESS=19               24300
# SCOREBOARD REF data_out=9, MON data_out=z               24300
# DATA MATCH FAILURE. MISMATCH count = 43
# Driver write operation driving data_in=72,write_enb=0,read_enb=0,address=8,T=24500
# Input Functional Coverage=100
# MONITOR : addr=8 data_out=zz time=24500
# Output Functional Coverage = 100
# SCOREBOARD MON data_out=z, ADDRESS=8               24500
# Reference Model Data in memory MEM[8]=dd,T=24700
# Reference Model Data out from memory data_out=x,T=24700
# SCOREBOARD REF data_out=x, ADDRESS=8               24700
# SCOREBOARD REF data_out=x, MON data_out=z               24700
# DATA MATCH FAILURE. MISMATCH count = 44
# Driver write operation driving data_in=4a,write_enb=0,read_enb=0,address=7,T=24900
# Input Functional Coverage=100
# MONITOR : addr=7 data_out=zz time=24900
# Output Functional Coverage = 100
# SCOREBOARD MON data_out=z, ADDRESS=7               24900
# Reference Model Data in memory MEM[7]=c7,T=25100
# Reference Model Data out from memory data_out=x,T=25100
# SCOREBOARD REF data_out=x, ADDRESS=7               25100
# SCOREBOARD REF data_out=x, MON data_out=z               25100
# DATA MATCH FAILURE. MISMATCH count = 45
# Driver write operation driving data_in=e9,write_enb=1,read_enb=1,address=b,T=25300
# Input Functional Coverage=100
# MONITOR : addr=11 data_out=zz time=25300
# Output Functional Coverage = 100
# SCOREBOARD MON data_out=z, ADDRESS=b               25300
# Reference Model Data in memory MEM[b]=e9,T=25500
# Reference Model Data out from memory data_out=e9,T=25500
# SCOREBOARD REF data_out=e9, ADDRESS=b               25500
# SCOREBOARD REF data_out=e9, MON data_out=z               25500
# DATA MATCH FAILURE. MISMATCH count = 46
# Driver write operation driving data_in=45,write_enb=0,read_enb=1,address=1c,T=25700
# Input Functional Coverage=100
# MONITOR : addr=28 data_out=xx time=25700
# Output Functional Coverage = 100
# SCOREBOARD MON data_out=x, ADDRESS=1c               25700
# Reference Model Data in memory MEM[1c]=x,T=25900
# Reference Model Data out from memory data_out=x,T=25900
# SCOREBOARD REF data_out=x, ADDRESS=1c               25900
# SCOREBOARD REF data_out=x, MON data_out=x               25900
# DATA MATCH SUCCESSFUL. MATCH count = 17
# Driver write operation driving data_in=11,write_enb=1,read_enb=0,address=17,T=26100
# Input Functional Coverage=100
# MONITOR : addr=23 data_out=zz time=26100
# Output Functional Coverage = 100
# SCOREBOARD MON data_out=z, ADDRESS=17               26100
# Reference Model Data in memory MEM[17]=11,T=26300
# Reference Model Data out from memory data_out=x,T=26300
# SCOREBOARD REF data_out=x, ADDRESS=17               26300
# SCOREBOARD REF data_out=x, MON data_out=z               26300
# DATA MATCH FAILURE. MISMATCH count = 47
# Driver write operation driving data_in=b7,write_enb=0,read_enb=0,address=8,T=26500
# Input Functional Coverage=100
# MONITOR : addr=8 data_out=zz time=26500
# Output Functional Coverage = 100
# SCOREBOARD MON data_out=z, ADDRESS=8               26500
# Reference Model Data in memory MEM[8]=dd,T=26700
# Reference Model Data out from memory data_out=x,T=26700
# SCOREBOARD REF data_out=x, ADDRESS=8               26700
# SCOREBOARD REF data_out=x, MON data_out=z               26700
# DATA MATCH FAILURE. MISMATCH count = 48
# Driver write operation driving data_in=f3,write_enb=1,read_enb=1,address=16,T=26900
# Input Functional Coverage=100
# MONITOR : addr=22 data_out=zz time=26900
# Output Functional Coverage = 100
# SCOREBOARD MON data_out=z, ADDRESS=16               26900
# Reference Model Data in memory MEM[16]=f3,T=27100
# Reference Model Data out from memory data_out=f3,T=27100
# SCOREBOARD REF data_out=f3, ADDRESS=16               27100
# SCOREBOARD REF data_out=f3, MON data_out=z               27100
# DATA MATCH FAILURE. MISMATCH count = 49
# Driver write operation driving data_in=6a,write_enb=1,read_enb=1,address=a,T=27300
# Input Functional Coverage=100
# MONITOR : addr=10 data_out=zz time=27300
# Output Functional Coverage = 100
# SCOREBOARD MON data_out=z, ADDRESS=a               27300
# Reference Model Data in memory MEM[a]=6a,T=27500
# Reference Model Data out from memory data_out=6a,T=27500
# SCOREBOARD REF data_out=6a, ADDRESS=a               27500
# SCOREBOARD REF data_out=6a, MON data_out=z               27500
# DATA MATCH FAILURE. MISMATCH count = 50
# Driver write operation driving data_in=4e,write_enb=1,read_enb=0,address=7,T=27700
# Input Functional Coverage=100
# MONITOR : addr=7 data_out=zz time=27700
# Output Functional Coverage = 100
# SCOREBOARD MON data_out=z, ADDRESS=7               27700
# Reference Model Data in memory MEM[7]=4e,T=27900
# Reference Model Data out from memory data_out=x,T=27900
# SCOREBOARD REF data_out=x, ADDRESS=7               27900
# SCOREBOARD REF data_out=x, MON data_out=z               27900
# DATA MATCH FAILURE. MISMATCH count = 51
# Driver write operation driving data_in=e7,write_enb=1,read_enb=1,address=1c,T=28100
# Input Functional Coverage=100
# MONITOR : addr=28 data_out=zz time=28100
# Output Functional Coverage = 100
# SCOREBOARD MON data_out=z, ADDRESS=1c               28100
# Reference Model Data in memory MEM[1c]=e7,T=28300
# Reference Model Data out from memory data_out=e7,T=28300
# SCOREBOARD REF data_out=e7, ADDRESS=1c               28300
# SCOREBOARD REF data_out=e7, MON data_out=z               28300
# DATA MATCH FAILURE. MISMATCH count = 52
# Driver write operation driving data_in=fb,write_enb=0,read_enb=0,address=1e,T=28500
# Input Functional Coverage=100
# MONITOR : addr=30 data_out=zz time=28500
# Output Functional Coverage = 100
# SCOREBOARD MON data_out=z, ADDRESS=1e               28500
# Reference Model Data in memory MEM[1e]=fa,T=28700
# Reference Model Data out from memory data_out=x,T=28700
# SCOREBOARD REF data_out=x, ADDRESS=1e               28700
# SCOREBOARD REF data_out=x, MON data_out=z               28700
# DATA MATCH FAILURE. MISMATCH count = 53
# Driver write operation driving data_in=8b,write_enb=0,read_enb=1,address=7,T=28900
# Input Functional Coverage=100
# MONITOR : addr=7 data_out=4e time=28900
# Output Functional Coverage = 100
# SCOREBOARD MON data_out=4e, ADDRESS=7               28900
# Reference Model Data in memory MEM[7]=4e,T=29100
# Reference Model Data out from memory data_out=4e,T=29100
# SCOREBOARD REF data_out=4e, ADDRESS=7               29100
# SCOREBOARD REF data_out=4e, MON data_out=4e               29100
# DATA MATCH SUCCESSFUL. MATCH count = 18
# Driver write operation driving data_in=25,write_enb=1,read_enb=0,address=b,T=29300
# Input Functional Coverage=100
# MONITOR : addr=11 data_out=zz time=29300
# Output Functional Coverage = 100
# SCOREBOARD MON data_out=z, ADDRESS=b               29300
# Reference Model Data in memory MEM[b]=25,T=29500
# Reference Model Data out from memory data_out=x,T=29500
# SCOREBOARD REF data_out=x, ADDRESS=b               29500
# SCOREBOARD REF data_out=x, MON data_out=z               29500
# DATA MATCH FAILURE. MISMATCH count = 54
# Driver write operation driving data_in=c2,write_enb=0,read_enb=1,address=d,T=29700
# Input Functional Coverage=100
# MONITOR : addr=13 data_out=38 time=29700
# Output Functional Coverage = 100
# SCOREBOARD MON data_out=38, ADDRESS=d               29700
# Reference Model Data in memory MEM[d]=38,T=29900
# Reference Model Data out from memory data_out=38,T=29900
# SCOREBOARD REF data_out=38, ADDRESS=d               29900
# SCOREBOARD REF data_out=38, MON data_out=38               29900
# DATA MATCH SUCCESSFUL. MATCH count = 19
# Driver write operation driving data_in=e1,write_enb=0,read_enb=1,address=1d,T=30100
# Input Functional Coverage=100
# MONITOR : addr=29 data_out=xx time=30100
# Output Functional Coverage = 100
# SCOREBOARD MON data_out=x, ADDRESS=1d               30100
# Reference Model Data in memory MEM[1d]=x,T=30300
# Reference Model Data out from memory data_out=x,T=30300
# SCOREBOARD REF data_out=x, ADDRESS=1d               30300
# SCOREBOARD REF data_out=x, MON data_out=x               30300
# DATA MATCH SUCCESSFUL. MATCH count = 20
# Driver write operation driving data_in=e4,write_enb=0,read_enb=1,address=18,T=30500
# Input Functional Coverage=100
# MONITOR : addr=24 data_out=xx time=30500
# Output Functional Coverage = 100
# SCOREBOARD MON data_out=x, ADDRESS=18               30500
# Reference Model Data in memory MEM[18]=2f,T=30700
# Reference Model Data out from memory data_out=2f,T=30700
# SCOREBOARD REF data_out=2f, ADDRESS=18               30700
# SCOREBOARD REF data_out=2f, MON data_out=x               30700
# DATA MATCH FAILURE. MISMATCH count = 55
# Driver write operation driving data_in=90,write_enb=0,read_enb=0,address=1,T=30900
# Input Functional Coverage=100
# MONITOR : addr=1 data_out=zz time=30900
# Output Functional Coverage = 100
# SCOREBOARD MON data_out=z, ADDRESS=1               30900
# Reference Model Data in memory MEM[1]=96,T=31100
# Reference Model Data out from memory data_out=x,T=31100
# SCOREBOARD REF data_out=x, ADDRESS=1               31100
# SCOREBOARD REF data_out=x, MON data_out=z               31100
# DATA MATCH FAILURE. MISMATCH count = 56
# Driver write operation driving data_in=19,write_enb=1,read_enb=1,address=5,T=31300
# Input Functional Coverage=100
# MONITOR : addr=5 data_out=zz time=31300
# Output Functional Coverage = 100
# SCOREBOARD MON data_out=z, ADDRESS=5               31300
# Reference Model Data in memory MEM[5]=19,T=31500
# Reference Model Data out from memory data_out=19,T=31500
# SCOREBOARD REF data_out=19, ADDRESS=5               31500
# SCOREBOARD REF data_out=19, MON data_out=z               31500
# DATA MATCH FAILURE. MISMATCH count = 57
# Driver write operation driving data_in=a,write_enb=1,read_enb=1,address=16,T=31700
# Input Functional Coverage=100
# MONITOR : addr=22 data_out=zz time=31700
# Output Functional Coverage = 100
# SCOREBOARD MON data_out=z, ADDRESS=16               31700
# Reference Model Data in memory MEM[16]=a,T=31900
# Reference Model Data out from memory data_out=a,T=31900
# SCOREBOARD REF data_out=a, ADDRESS=16               31900
# SCOREBOARD REF data_out=a, MON data_out=z               31900
# DATA MATCH FAILURE. MISMATCH count = 58
# Driver write operation driving data_in=8,write_enb=0,read_enb=1,address=11,T=32100
# Input Functional Coverage=100
# MONITOR : addr=17 data_out=xx time=32100
# Output Functional Coverage = 100
# SCOREBOARD MON data_out=x, ADDRESS=11               32100
# Reference Model Data in memory MEM[11]=x,T=32300
# Reference Model Data out from memory data_out=x,T=32300
# SCOREBOARD REF data_out=x, ADDRESS=11               32300
# SCOREBOARD REF data_out=x, MON data_out=x               32300
# DATA MATCH SUCCESSFUL. MATCH count = 21
# Driver write operation driving data_in=57,write_enb=1,read_enb=1,address=0,T=32500
# Input Functional Coverage=100
# MONITOR : addr=0 data_out=zz time=32500
# Output Functional Coverage = 100
# SCOREBOARD MON data_out=z, ADDRESS=0               32500
# Reference Model Data in memory MEM[0]=57,T=32700
# Reference Model Data out from memory data_out=57,T=32700
# SCOREBOARD REF data_out=57, ADDRESS=0               32700
# SCOREBOARD REF data_out=57, MON data_out=z               32700
# DATA MATCH FAILURE. MISMATCH count = 59
# Driver write operation driving data_in=85,write_enb=0,read_enb=1,address=5,T=32900
# Input Functional Coverage=100
# MONITOR : addr=5 data_out=dc time=32900
# Output Functional Coverage = 100
# SCOREBOARD MON data_out=dc, ADDRESS=5               32900
# Reference Model Data in memory MEM[5]=19,T=33100
# Reference Model Data out from memory data_out=19,T=33100
# SCOREBOARD REF data_out=19, ADDRESS=5               33100
# SCOREBOARD REF data_out=19, MON data_out=dc               33100
# DATA MATCH FAILURE. MISMATCH count = 60
# Driver write operation driving data_in=22,write_enb=1,read_enb=1,address=15,T=33300
# Input Functional Coverage=100
# MONITOR : addr=21 data_out=zz time=33300
# Output Functional Coverage = 100
# SCOREBOARD MON data_out=z, ADDRESS=15               33300
# Reference Model Data in memory MEM[15]=22,T=33500
# Reference Model Data out from memory data_out=22,T=33500
# SCOREBOARD REF data_out=22, ADDRESS=15               33500
# SCOREBOARD REF data_out=22, MON data_out=z               33500
# DATA MATCH FAILURE. MISMATCH count = 61
# Driver write operation driving data_in=dc,write_enb=0,read_enb=0,address=1a,T=33700
# Input Functional Coverage=100
# MONITOR : addr=26 data_out=zz time=33700
# Output Functional Coverage = 100
# SCOREBOARD MON data_out=z, ADDRESS=1a               33700
# Reference Model Data in memory MEM[1a]=f1,T=33900
# Reference Model Data out from memory data_out=x,T=33900
# SCOREBOARD REF data_out=x, ADDRESS=1a               33900
# SCOREBOARD REF data_out=x, MON data_out=z               33900
# DATA MATCH FAILURE. MISMATCH count = 62
# Driver write operation driving data_in=9a,write_enb=0,read_enb=1,address=14,T=34100
# Input Functional Coverage=100
# MONITOR : addr=20 data_out=xx time=34100
# Output Functional Coverage = 100
# SCOREBOARD MON data_out=x, ADDRESS=14               34100
# Reference Model Data in memory MEM[14]=x,T=34300
# Reference Model Data out from memory data_out=x,T=34300
# SCOREBOARD REF data_out=x, ADDRESS=14               34300
# SCOREBOARD REF data_out=x, MON data_out=x               34300
# DATA MATCH SUCCESSFUL. MATCH count = 22
# Driver write operation driving data_in=9d,write_enb=0,read_enb=1,address=16,T=34500
# Input Functional Coverage=100
# MONITOR : addr=22 data_out=xx time=34500
# Output Functional Coverage = 100
# SCOREBOARD MON data_out=x, ADDRESS=16               34500
# Reference Model Data in memory MEM[16]=a,T=34700
# Reference Model Data out from memory data_out=a,T=34700
# SCOREBOARD REF data_out=a, ADDRESS=16               34700
# SCOREBOARD REF data_out=a, MON data_out=x               34700
# DATA MATCH FAILURE. MISMATCH count = 63
# Driver write operation driving data_in=2c,write_enb=1,read_enb=0,address=1a,T=34900
# Input Functional Coverage=100
# MONITOR : addr=26 data_out=zz time=34900
# Output Functional Coverage = 100
# SCOREBOARD MON data_out=z, ADDRESS=1a               34900
# Reference Model Data in memory MEM[1a]=2c,T=35100
# Reference Model Data out from memory data_out=x,T=35100
# SCOREBOARD REF data_out=x, ADDRESS=1a               35100
# SCOREBOARD REF data_out=x, MON data_out=z               35100
# DATA MATCH FAILURE. MISMATCH count = 64
# Driver write operation driving data_in=20,write_enb=1,read_enb=0,address=b,T=35300
# Input Functional Coverage=100
# MONITOR : addr=11 data_out=zz time=35300
# Output Functional Coverage = 100
# SCOREBOARD MON data_out=z, ADDRESS=b               35300
# Reference Model Data in memory MEM[b]=20,T=35500
# Reference Model Data out from memory data_out=x,T=35500
# SCOREBOARD REF data_out=x, ADDRESS=b               35500
# SCOREBOARD REF data_out=x, MON data_out=z               35500
# DATA MATCH FAILURE. MISMATCH count = 65
# Driver write operation driving data_in=fb,write_enb=1,read_enb=0,address=9,T=35700
# Input Functional Coverage=100
# MONITOR : addr=9 data_out=zz time=35700
# Output Functional Coverage = 100
# SCOREBOARD MON data_out=z, ADDRESS=9               35700
# Reference Model Data in memory MEM[9]=fb,T=35900
# Reference Model Data out from memory data_out=x,T=35900
# SCOREBOARD REF data_out=x, ADDRESS=9               35900
# SCOREBOARD REF data_out=x, MON data_out=z               35900
# DATA MATCH FAILURE. MISMATCH count = 66
# Driver write operation driving data_in=2,write_enb=1,read_enb=1,address=10,T=36100
# Input Functional Coverage=100
# MONITOR : addr=16 data_out=zz time=36100
# Output Functional Coverage = 100
# SCOREBOARD MON data_out=z, ADDRESS=10               36100
# Reference Model Data in memory MEM[10]=2,T=36300
# Reference Model Data out from memory data_out=2,T=36300
# SCOREBOARD REF data_out=2, ADDRESS=10               36300
# SCOREBOARD REF data_out=2, MON data_out=z               36300
# DATA MATCH FAILURE. MISMATCH count = 67
# Driver write operation driving data_in=da,write_enb=0,read_enb=1,address=6,T=36500
# Input Functional Coverage=100
# MONITOR : addr=6 data_out=xx time=36500
# Output Functional Coverage = 100
# SCOREBOARD MON data_out=x, ADDRESS=6               36500
# Reference Model Data in memory MEM[6]=x,T=36700
# Reference Model Data out from memory data_out=x,T=36700
# SCOREBOARD REF data_out=x, ADDRESS=6               36700
# SCOREBOARD REF data_out=x, MON data_out=x               36700
# DATA MATCH SUCCESSFUL. MATCH count = 23
# Driver write operation driving data_in=2f,write_enb=1,read_enb=0,address=4,T=36900
# Input Functional Coverage=100
# MONITOR : addr=4 data_out=zz time=36900
# Output Functional Coverage = 100
# SCOREBOARD MON data_out=z, ADDRESS=4               36900
# Reference Model Data in memory MEM[4]=2f,T=37100
# Reference Model Data out from memory data_out=x,T=37100
# SCOREBOARD REF data_out=x, ADDRESS=4               37100
# SCOREBOARD REF data_out=x, MON data_out=z               37100
# DATA MATCH FAILURE. MISMATCH count = 68
# Driver write operation driving data_in=cb,write_enb=1,read_enb=1,address=15,T=37300
# Input Functional Coverage=100
# MONITOR : addr=21 data_out=zz time=37300
# Output Functional Coverage = 100
# SCOREBOARD MON data_out=z, ADDRESS=15               37300
# Reference Model Data in memory MEM[15]=cb,T=37500
# Reference Model Data out from memory data_out=cb,T=37500
# SCOREBOARD REF data_out=cb, ADDRESS=15               37500
# SCOREBOARD REF data_out=cb, MON data_out=z               37500
# DATA MATCH FAILURE. MISMATCH count = 69
# Driver write operation driving data_in=da,write_enb=0,read_enb=1,address=e,T=37700
# Input Functional Coverage=100
# MONITOR : addr=14 data_out=76 time=37700
# Output Functional Coverage = 100
# SCOREBOARD MON data_out=76, ADDRESS=e               37700
# Reference Model Data in memory MEM[e]=76,T=37900
# Reference Model Data out from memory data_out=76,T=37900
# SCOREBOARD REF data_out=76, ADDRESS=e               37900
# SCOREBOARD REF data_out=76, MON data_out=76               37900
# DATA MATCH SUCCESSFUL. MATCH count = 24
# Driver write operation driving data_in=18,write_enb=0,read_enb=1,address=11,T=38100
# Input Functional Coverage=100
# MONITOR : addr=17 data_out=xx time=38100
# Output Functional Coverage = 100
# SCOREBOARD MON data_out=x, ADDRESS=11               38100
# Reference Model Data in memory MEM[11]=x,T=38300
# Reference Model Data out from memory data_out=x,T=38300
# SCOREBOARD REF data_out=x, ADDRESS=11               38300
# SCOREBOARD REF data_out=x, MON data_out=x               38300
# DATA MATCH SUCCESSFUL. MATCH count = 25
# Driver write operation driving data_in=23,write_enb=1,read_enb=1,address=c,T=38500
# Input Functional Coverage=100
# MONITOR : addr=12 data_out=zz time=38500
# Output Functional Coverage = 100
# SCOREBOARD MON data_out=z, ADDRESS=c               38500
# Reference Model Data in memory MEM[c]=23,T=38700
# Reference Model Data out from memory data_out=23,T=38700
# SCOREBOARD REF data_out=23, ADDRESS=c               38700
# SCOREBOARD REF data_out=23, MON data_out=z               38700
# DATA MATCH FAILURE. MISMATCH count = 70
# Driver write operation driving data_in=8,write_enb=0,read_enb=1,address=0,T=38900
# Input Functional Coverage=100
# MONITOR : addr=0 data_out=xx time=38900
# Output Functional Coverage = 100
# SCOREBOARD MON data_out=x, ADDRESS=0               38900
# Reference Model Data in memory MEM[0]=57,T=39100
# Reference Model Data out from memory data_out=57,T=39100
# SCOREBOARD REF data_out=57, ADDRESS=0               39100
# SCOREBOARD REF data_out=57, MON data_out=x               39100
# DATA MATCH FAILURE. MISMATCH count = 71
# Driver write operation driving data_in=1b,write_enb=1,read_enb=1,address=3,T=39300
# Input Functional Coverage=100
# MONITOR : addr=3 data_out=zz time=39300
# Output Functional Coverage = 100
# SCOREBOARD MON data_out=z, ADDRESS=3               39300
# Reference Model Data in memory MEM[3]=1b,T=39500
# Reference Model Data out from memory data_out=1b,T=39500
# SCOREBOARD REF data_out=1b, ADDRESS=3               39500
# SCOREBOARD REF data_out=1b, MON data_out=z               39500
# DATA MATCH FAILURE. MISMATCH count = 72
# Driver write operation driving data_in=7d,write_enb=0,read_enb=0,address=2,T=39700
# Input Functional Coverage=100
# MONITOR : addr=2 data_out=zz time=39700
# Output Functional Coverage = 100
# SCOREBOARD MON data_out=z, ADDRESS=2               39700
# Reference Model Data in memory MEM[2]=f7,T=39900
# Reference Model Data out from memory data_out=x,T=39900
# SCOREBOARD REF data_out=x, ADDRESS=2               39900
# SCOREBOARD REF data_out=x, MON data_out=z               39900
# DATA MATCH FAILURE. MISMATCH count = 73
# Driver write operation driving data_in=9d,write_enb=0,read_enb=0,address=2,T=40100
# Input Functional Coverage=100
# MONITOR : addr=2 data_out=zz time=40100
# Output Functional Coverage = 100
# SCOREBOARD MON data_out=z, ADDRESS=2               40100
# Reference Model Data in memory MEM[2]=f7,T=40300
# Reference Model Data out from memory data_out=x,T=40300
# SCOREBOARD REF data_out=x, ADDRESS=2               40300
# SCOREBOARD REF data_out=x, MON data_out=z               40300
# DATA MATCH FAILURE. MISMATCH count = 74
# Driver write operation driving data_in=1,write_enb=0,read_enb=1,address=1d,T=40500
# Input Functional Coverage=100
# MONITOR : addr=29 data_out=xx time=40500
# Output Functional Coverage = 100
# SCOREBOARD MON data_out=x, ADDRESS=1d               40500
# Reference Model Data in memory MEM[1d]=x,T=40700
# Reference Model Data out from memory data_out=x,T=40700
# SCOREBOARD REF data_out=x, ADDRESS=1d               40700
# SCOREBOARD REF data_out=x, MON data_out=x               40700
# DATA MATCH SUCCESSFUL. MATCH count = 26
# ** Note: $finish    : ram_top.sv(30)
#    Time: 4070 ns  Iteration: 3  Instance: /top
# Saving coverage database on exit...
# End time: 23:58:29 on Jul 06,2026, Elapsed time: 0:00:01
# Errors: 0, Warnings: 4
